<?xml version="1.0" encoding="UTF-8"?>
<!-- Generated by org.testng.reporters.JUnitReportReporter -->
<testsuite hostname="LAPTOP-OT4C3THT" failures="0" tests="2" name="basicAnnotation1" time="0.005" errors="0" timestamp="2024-05-23T16:39:48 IST" skipped="0">
  <testcase classname="basicAnnotation1" name="shubham" time="0.004"/>
  <system-out/>
  <testcase classname="basicAnnotation1" name="vaishali" time="0.001"/>
  <system-out/>
</testsuite> <!-- basicAnnotation1 -->
