<?xml version="1.0" encoding="UTF-8"?>
<!-- Generated by org.testng.reporters.JUnitReportReporter -->
<testsuite hostname="LAPTOP-OT4C3THT" failures="0" tests="1" name="signin" time="15.568" errors="0" timestamp="2024-05-23T18:41:20 IST" skipped="0">
  <testcase classname="signin" name="login" time="15.568"/>
  <system-out/>
</testsuite> <!-- signin -->
