<?xml version="1.0" encoding="UTF-8"?>
<!-- Generated by org.testng.reporters.JUnitReportReporter -->
<testsuite hostname="LAPTOP-OT4C3THT" failures="0" tests="1" name="login" time="12.321" errors="0" timestamp="2024-05-23T23:42:56 IST" skipped="0">
  <testcase classname="login" name="login" time="12.321"/>
  <system-out/>
</testsuite> <!-- login -->
