<?xml version="1.0" encoding="UTF-8"?>
<!-- Generated by org.testng.reporters.JUnitReportReporter -->
<testsuite hostname="LAPTOP-OT4C3THT" failures="0" tests="2" name="basicAnnotation" time="0.002" errors="0" timestamp="2024-05-23T16:08:49 IST" skipped="0">
  <testcase classname="basicAnnotation" name="shubham" time="0.002"/>
  <system-out/>
  <testcase classname="basicAnnotation" name="vaishali" time="0.000"/>
  <system-out/>
</testsuite> <!-- basicAnnotation -->
