<?xml version="1.0" encoding="UTF-8"?>
<!-- Generated by org.testng.reporters.JUnitReportReporter -->
<testsuite hostname="LAPTOP-OT4C3THT" failures="0" tests="1" name="fblogin" time="5.019" errors="0" timestamp="2024-06-08T17:08:29 IST" skipped="0">
  <testcase classname="fblogin" name="login" time="5.019"/>
  <system-out/>
</testsuite> <!-- fblogin -->
