<?xml version="1.0" encoding="UTF-8"?>
<!-- Generated by org.testng.reporters.JUnitReportReporter -->
<testsuite hostname="LAPTOP-OT4C3THT" failures="0" tests="3" name="facebooklogin" time="10.226" errors="0" timestamp="2024-06-08T17:15:30 IST" skipped="0">
  <testcase classname="facebooklogin" name="login" time="3.025"/>
  <system-out/>
  <testcase classname="facebooklogin" name="login" time="3.040"/>
  <system-out/>
  <testcase classname="facebooklogin" name="login" time="4.161"/>
  <system-out/>
</testsuite> <!-- facebooklogin -->
