<?xml version="1.0" encoding="UTF-8"?>
<!-- Generated by org.testng.reporters.JUnitReportReporter -->
<testsuite hostname="LAPTOP-OT4C3THT" failures="0" tests="3" name="facebooklogin" time="9.883" errors="0" timestamp="2024-05-24T01:05:39 IST" skipped="0">
  <testcase classname="facebooklogin" name="login" time="2.939"/>
  <system-out/>
  <testcase classname="facebooklogin" name="login" time="4.106"/>
  <system-out/>
  <testcase classname="facebooklogin" name="login" time="2.838"/>
  <system-out/>
</testsuite> <!-- facebooklogin -->
